Log file open, 07/17/18 09:07:27
LogWindows: Failed to load 'aqProf.dll' (GetLastError=126)
LogWindows: File 'aqProf.dll' does not exist
LogWindows: Failed to load 'VtuneApi.dll' (GetLastError=126)
LogWindows: File 'VtuneApi.dll' does not exist
LogWindows: Failed to load 'VtuneApi32e.dll' (GetLastError=126)
LogWindows: File 'VtuneApi32e.dll' does not exist
LogInit: Display: Running engine for game: FpsProject
LogPlatformFile: Not using cached read wrapper
LogInit: Display: RandInit(-1346977485) SRandInit(-1346977485).
LogInit: Read version file with build ID '3944462'
LogInit: Overriding engine version to CL 4033788, compatible CL 3944462
LogInit: Registered custom module enumerator with build ID '3944462'
LogTaskGraph: Started task graph with 5 named threads and 23 total threads with 3 sets of task threads.
LogStats: Stats thread started at 0.262979
LogD3D11RHI: Aftermath initialized
LogICUInternationalization: Display: ICU TimeZone Detection - Raw Offset: -7:00, Platform Override: ''
LogModuleManager: Display: Found up-to-date module file ../../../Engine/Plugins/2D/Paper2D/Binaries/Win64/UE4Editor-Paper2D.dll (API version 3944462).
LogModuleManager: Display: Found up-to-date module file ../../../Engine/Plugins/2D/Paper2D/Binaries/Win64/UE4Editor-Paper2DEditor.dll (API version 3944462).
LogModuleManager: Display: Found up-to-date module file ../../../Engine/Plugins/2D/Paper2D/Binaries/Win64/UE4Editor-PaperSpriteSheetImporter.dll (API version 3944462).
LogModuleManager: Display: Found up-to-date module file ../../../Engine/Plugins/2D/Paper2D/Binaries/Win64/UE4Editor-PaperTiledImporter.dll (API version 3944462).
LogModuleManager: Display: Found up-to-date module file ../../../Engine/Plugins/2D/Paper2D/Binaries/Win64/UE4Editor-SmartSnapping.dll (API version 3944462).
LogModuleManager: Display: Found up-to-date module file ../../../Engine/Plugins/Blendables/LightPropagationVolume/Binaries/Win64/UE4Editor-LightPropagationVolumeRuntime.dll (API version 3944462).
LogModuleManager: Display: Found up-to-date module file ../../../Engine/Plugins/Blendables/LightPropagationVolume/Binaries/Win64/UE4Editor-LightPropagationVolumeEditor.dll (API version 3944462).
LogModuleManager: Display: Found up-to-date module file ../../../Engine/Plugins/Developer/CLionSourceCodeAccess/Binaries/Win64/UE4Editor-CLionSourceCodeAccess.dll (API version 3944462).
LogModuleManager: Display: Found up-to-date module file ../../../Engine/Plugins/Developer/GitSourceControl/Binaries/Win64/UE4Editor-GitSourceControl.dll (API version 3944462).
LogModuleManager: Display: Found up-to-date module file ../../../Engine/Plugins/Developer/PerforceSourceControl/Binaries/Win64/UE4Editor-PerforceSourceControl.dll (API version 3944462).
LogModuleManager: Display: Found up-to-date module file ../../../Engine/Plugins/Developer/SubversionSourceControl/Binaries/Win64/UE4Editor-SubversionSourceControl.dll (API version 3944462).
LogModuleManager: Display: Found up-to-date module file ../../../Engine/Plugins/Developer/UObjectPlugin/Binaries/Win64/UE4Editor-UObjectPlugin.dll (API version 3944462).
LogModuleManager: Display: Found up-to-date module file ../../../Engine/Plugins/Developer/VisualStudioCodeSourceCodeAccess/Binaries/Win64/UE4Editor-VisualStudioCodeSourceCodeAccess.dll (API version 3944462).
LogModuleManager: Display: Found up-to-date module file ../../../Engine/Plugins/Developer/VisualStudioSourceCodeAccess/Binaries/Win64/UE4Editor-VisualStudioSourceCodeAccess.dll (API version 3944462).
LogModuleManager: Display: Found up-to-date module file ../../../Engine/Plugins/Editor/AssetManagerEditor/Binaries/Win64/UE4Editor-AssetManagerEditor.dll (API version 3944462).
LogModuleManager: Display: Found up-to-date module file ../../../Engine/Plugins/Editor/CryptoKeys/Binaries/Win64/UE4Editor-CryptoKeys.dll (API version 3944462).
LogModuleManager: Display: Found up-to-date module file ../../../Engine/Plugins/Editor/CryptoKeys/Binaries/Win64/UE4Editor-CryptoKeysOpenSSL.dll (API version 3944462).
LogModuleManager: Display: Found up-to-date module file ../../../Engine/Plugins/Editor/DataValidation/Binaries/Win64/UE4Editor-DataValidation.dll (API version 3944462).
LogModuleManager: Display: Found up-to-date module file ../../../Engine/Plugins/Editor/FacialAnimation/Binaries/Win64/UE4Editor-FacialAnimation.dll (API version 3944462).
LogModuleManager: Display: Found up-to-date module file ../../../Engine/Plugins/Editor/FacialAnimation/Binaries/Win64/UE4Editor-FacialAnimationEditor.dll (API version 3944462).
LogModuleManager: Display: Found up-to-date module file ../../../Engine/Plugins/Editor/GameplayTagsEditor/Binaries/Win64/UE4Editor-GameplayTagsEditor.dll (API version 3944462).
LogModuleManager: Display: Found up-to-date module file ../../../Engine/Plugins/Editor/MobileLauncherProfileWizard/Binaries/Win64/UE4Editor-MobileLauncherProfileWizard.dll (API version 3944462).
LogModuleManager: Display: Found up-to-date module file ../../../Engine/Plugins/Editor/PluginBrowser/Binaries/Win64/UE4Editor-PluginBrowser.dll (API version 3944462).
LogModuleManager: Display: Found up-to-date module file ../../../Engine/Plugins/Editor/SpeedTreeImporter/Binaries/Win64/UE4Editor-SpeedTreeImporter.dll (API version 3944462).
LogModuleManager: Display: Found up-to-date module file ../../../Engine/Plugins/Enterprise/DatasmithContent/Binaries/Win64/UE4Editor-DatasmithContent.dll (API version 3944462).
LogModuleManager: Display: Found up-to-date module file ../../../Engine/Plugins/Experimental/AlembicImporter/Binaries/Win64/UE4Editor-AlembicImporter.dll (API version 3944462).
LogModuleManager: Display: Found up-to-date module file ../../../Engine/Plugins/Experimental/AlembicImporter/Binaries/Win64/UE4Editor-AlembicLibrary.dll (API version 3944462).
LogModuleManager: Display: Found up-to-date module file ../../../Engine/Plugins/Experimental/CharacterAI/Binaries/Win64/UE4Editor-CharacterAI.dll (API version 3944462).
LogModuleManager: Display: Found up-to-date module file ../../../Engine/Plugins/Experimental/HTML5Networking/Binaries/Win64/UE4Editor-HTML5Networking.dll (API version 3944462).
LogModuleManager: Display: Found up-to-date module file ../../../Engine/Plugins/Media/AndroidMedia/Binaries/Win64/UE4Editor-AndroidMediaEditor.dll (API version 3944462).
LogModuleManager: Display: Found up-to-date module file ../../../Engine/Plugins/Media/AndroidMedia/Binaries/Win64/UE4Editor-AndroidMediaFactory.dll (API version 3944462).
LogModuleManager: Display: Found up-to-date module file ../../../Engine/Plugins/Media/AvfMedia/Binaries/Win64/UE4Editor-AvfMediaEditor.dll (API version 3944462).
LogModuleManager: Display: Found up-to-date module file ../../../Engine/Plugins/Media/AvfMedia/Binaries/Win64/UE4Editor-AvfMediaFactory.dll (API version 3944462).
LogModuleManager: Display: Found up-to-date module file ../../../Engine/Plugins/Media/AvfMedia/Binaries/Win64/UE4Editor-AvfMediaFactory.dll (API version 3944462).
LogModuleManager: Display: Found up-to-date module file ../../../Engine/Plugins/Media/ImgMedia/Binaries/Win64/UE4Editor-ImgMedia.dll (API version 3944462).
LogModuleManager: Display: Found up-to-date module file ../../../Engine/Plugins/Media/ImgMedia/Binaries/Win64/UE4Editor-ImgMediaEditor.dll (API version 3944462).
LogModuleManager: Display: Found up-to-date module file ../../../Engine/Plugins/Media/ImgMedia/Binaries/Win64/UE4Editor-ImgMediaFactory.dll (API version 3944462).
LogModuleManager: Display: Found up-to-date module file ../../../Engine/Plugins/Media/ImgMedia/Binaries/Win64/UE4Editor-ImgMediaFactory.dll (API version 3944462).
LogModuleManager: Display: Found up-to-date module file ../../../Engine/Plugins/Media/ImgMedia/Binaries/Win64/UE4Editor-OpenExrWrapper.dll (API version 3944462).
LogModuleManager: Display: Found up-to-date module file ../../../Engine/Plugins/Media/LinearTimecode/Binaries/Win64/UE4Editor-LinearTimecode.dll (API version 3944462).
LogModuleManager: Display: Found up-to-date module file ../../../Engine/Plugins/Media/MediaCompositing/Binaries/Win64/UE4Editor-MediaCompositing.dll (API version 3944462).
LogModuleManager: Display: Found up-to-date module file ../../../Engine/Plugins/Media/MediaCompositing/Binaries/Win64/UE4Editor-MediaCompositingEditor.dll (API version 3944462).
LogModuleManager: Display: Found up-to-date module file ../../../Engine/Plugins/Media/MediaPlayerEditor/Binaries/Win64/UE4Editor-MediaPlayerEditor.dll (API version 3944462).
LogModuleManager: Display: Found up-to-date module file ../../../Engine/Plugins/Media/WmfMedia/Binaries/Win64/UE4Editor-WmfMedia.dll (API version 3944462).
LogModuleManager: Display: Found up-to-date module file ../../../Engine/Plugins/Media/WmfMedia/Binaries/Win64/UE4Editor-WmfMediaEditor.dll (API version 3944462).
LogModuleManager: Display: Found up-to-date module file ../../../Engine/Plugins/Media/WmfMedia/Binaries/Win64/UE4Editor-WmfMediaFactory.dll (API version 3944462).
LogModuleManager: Display: Found up-to-date module file ../../../Engine/Plugins/Media/WmfMedia/Binaries/Win64/UE4Editor-WmfMediaFactory.dll (API version 3944462).
LogModuleManager: Display: Found up-to-date module file ../../../Engine/Plugins/Messaging/TcpMessaging/Binaries/Win64/UE4Editor-TcpMessaging.dll (API version 3944462).
LogModuleManager: Display: Found up-to-date module file ../../../Engine/Plugins/Messaging/UdpMessaging/Binaries/Win64/UE4Editor-UdpMessaging.dll (API version 3944462).
LogModuleManager: Display: Found up-to-date module file ../../../Engine/Plugins/MovieScene/ActorSequence/Binaries/Win64/UE4Editor-ActorSequence.dll (API version 3944462).
LogModuleManager: Display: Found up-to-date module file ../../../Engine/Plugins/MovieScene/LevelSequenceEditor/Binaries/Win64/UE4Editor-LevelSequenceEditor.dll (API version 3944462).
LogModuleManager: Display: Found up-to-date module file ../../../Engine/Plugins/MovieScene/MatineeToLevelSequence/Binaries/Win64/UE4Editor-MatineeToLevelSequence.dll (API version 3944462).
LogModuleManager: Display: Found up-to-date module file ../../../Engine/Plugins/NetcodeUnitTest/NetcodeUnitTest/Binaries/Win64/UE4Editor-NetcodeUnitTest.dll (API version 3944462).
LogModuleManager: Display: Found up-to-date module file ../../../Engine/Plugins/NetcodeUnitTest/NUTUnrealEngine4/Binaries/Win64/UE4Editor-NUTUnrealEngine4.dll (API version 3944462).
LogModuleManager: Display: Found up-to-date module file ../../../Engine/Plugins/Online/OnlineSubsystem/Binaries/Win64/UE4Editor-OnlineSubsystem.dll (API version 3944462).
LogModuleManager: Display: Found up-to-date module file ../../../Engine/Plugins/Runtime/AndroidPermission/Binaries/Win64/UE4Editor-AndroidPermission.dll (API version 3944462).
LogModuleManager: Display: Found up-to-date module file ../../../Engine/Plugins/Online/OnlineSubsystemNull/Binaries/Win64/UE4Editor-OnlineSubsystemNull.dll (API version 3944462).
LogModuleManager: Display: Found up-to-date module file ../../../Engine/Plugins/Online/OnlineSubsystemUtils/Binaries/Win64/UE4Editor-OnlineSubsystemUtils.dll (API version 3944462).
LogModuleManager: Display: Found up-to-date module file ../../../Engine/Plugins/Online/OnlineSubsystemUtils/Binaries/Win64/UE4Editor-OnlineBlueprintSupport.dll (API version 3944462).
LogModuleManager: Display: Found up-to-date module file ../../../Engine/Plugins/Runtime/AndroidDeviceProfileSelector/Binaries/Win64/UE4Editor-AndroidDeviceProfileSelector.dll (API version 3944462).
LogModuleManager: Display: Found up-to-date module file ../../../Engine/Plugins/Runtime/AppleARKit/Binaries/Win64/UE4Editor-AppleARKit.dll (API version 3944462).
LogModuleManager: Display: Found up-to-date module file ../../../Engine/Plugins/Runtime/ProceduralMeshComponent/Binaries/Win64/UE4Editor-ProceduralMeshComponent.dll (API version 3944462).
LogModuleManager: Display: Found up-to-date module file ../../../Engine/Plugins/Runtime/ProceduralMeshComponent/Binaries/Win64/UE4Editor-ProceduralMeshComponentEditor.dll (API version 3944462).
LogModuleManager: Display: Found up-to-date module file ../../../Engine/Plugins/Animation/LiveLink/Binaries/Win64/UE4Editor-LiveLink.dll (API version 3944462).
LogModuleManager: Display: Found up-to-date module file ../../../Engine/Plugins/Animation/LiveLink/Binaries/Win64/UE4Editor-LiveLinkEditor.dll (API version 3944462).
LogModuleManager: Display: Found up-to-date module file ../../../Engine/Plugins/Runtime/ArchVisCharacter/Binaries/Win64/UE4Editor-ArchVisCharacter.dll (API version 3944462).
LogModuleManager: Display: Found up-to-date module file ../../../Engine/Plugins/Runtime/AudioCapture/Binaries/Win64/UE4Editor-AudioCapture.dll (API version 3944462).
LogModuleManager: Display: Found up-to-date module file ../../../Engine/Plugins/Runtime/AudioCapture/Binaries/Win64/UE4Editor-AudioCaptureEditor.dll (API version 3944462).
LogModuleManager: Display: Found up-to-date module file ../../../Engine/Plugins/Runtime/CableComponent/Binaries/Win64/UE4Editor-CableComponent.dll (API version 3944462).
LogModuleManager: Display: Found up-to-date module file ../../../Engine/Plugins/Runtime/CustomMeshComponent/Binaries/Win64/UE4Editor-CustomMeshComponent.dll (API version 3944462).
LogModuleManager: Display: Found up-to-date module file ../../../Engine/Plugins/Runtime/ExampleDeviceProfileSelector/Binaries/Win64/UE4Editor-ExampleDeviceProfileSelector.dll (API version 3944462).
LogModuleManager: Display: Found up-to-date module file ../../../Engine/Plugins/Runtime/ImmediatePhysics/Binaries/Win64/UE4Editor-ImmediatePhysics.dll (API version 3944462).
LogModuleManager: Display: Found up-to-date module file ../../../Engine/Plugins/Runtime/ImmediatePhysics/Binaries/Win64/UE4Editor-ImmediatePhysicsEditor.dll (API version 3944462).
LogModuleManager: Display: Found up-to-date module file ../../../Engine/Plugins/Runtime/LocationServicesBPLibrary/Binaries/Win64/UE4Editor-LocationServicesBPLibrary.dll (API version 3944462).
LogModuleManager: Display: Found up-to-date module file ../../../Engine/Plugins/Runtime/MobilePatchingUtils/Binaries/Win64/UE4Editor-MobilePatchingUtils.dll (API version 3944462).
LogModuleManager: Display: Found up-to-date module file ../../../Engine/Plugins/Runtime/Oculus/OculusVR/Binaries/Win64/UE4Editor-OculusHMD.dll (API version 3944462).
LogModuleManager: Display: Found up-to-date module file ../../../Engine/Plugins/Runtime/Oculus/OculusVR/Binaries/Win64/UE4Editor-OculusInput.dll (API version 3944462).
LogModuleManager: Display: Found up-to-date module file ../../../Engine/Plugins/Runtime/Oculus/OculusVR/Binaries/Win64/UE4Editor-OculusEditor.dll (API version 3944462).
LogModuleManager: Display: Found up-to-date module file ../../../Engine/Plugins/Runtime/PhysXVehicles/Binaries/Win64/UE4Editor-PhysXVehicles.dll (API version 3944462).
LogModuleManager: Display: Found up-to-date module file ../../../Engine/Plugins/Runtime/PhysXVehicles/Binaries/Win64/UE4Editor-PhysXVehiclesEditor.dll (API version 3944462).
LogModuleManager: Display: Found up-to-date module file ../../../Engine/Plugins/Runtime/RuntimePhysXCooking/Binaries/Win64/UE4Editor-RuntimePhysXCooking.dll (API version 3944462).
LogModuleManager: Display: Found up-to-date module file ../../../Engine/Plugins/Runtime/Steam/SteamVR/Binaries/Win64/UE4Editor-SteamVR.dll (API version 3944462).
LogModuleManager: Display: Found up-to-date module file ../../../Engine/Plugins/Runtime/Steam/SteamVR/Binaries/Win64/UE4Editor-SteamVRController.dll (API version 3944462).
LogModuleManager: Display: Found up-to-date module file ../../../Engine/Plugins/Runtime/WindowsMoviePlayer/Binaries/Win64/UE4Editor-WindowsMoviePlayer.dll (API version 3944462).
LogPluginManager: Mounting plugin Paper2D
LogPluginManager: Mounting plugin LiveLink
LogPluginManager: Mounting plugin LightPropagationVolume
LogPluginManager: Mounting plugin CLionSourceCodeAccess
LogPluginManager: Mounting plugin CodeLiteSourceCodeAccess
LogPluginManager: Mounting plugin GitSourceControl
LogPluginManager: Mounting plugin KDevelopSourceCodeAccess
LogPluginManager: Mounting plugin NullSourceCodeAccess
LogPluginManager: Mounting plugin PerforceSourceControl
LogPluginManager: Mounting plugin SubversionSourceControl
LogPluginManager: Mounting plugin UObjectPlugin
LogPluginManager: Mounting plugin VisualStudioCodeSourceCodeAccess
LogPluginManager: Mounting plugin VisualStudioSourceCodeAccess
LogPluginManager: Mounting plugin XCodeSourceCodeAccess
LogPluginManager: Mounting plugin AssetManagerEditor
LogPluginManager: Mounting plugin CryptoKeys
LogPluginManager: Mounting plugin DataValidation
LogPluginManager: Mounting plugin FacialAnimation
LogPluginManager: Mounting plugin GameplayTagsEditor
LogPluginManager: Mounting plugin MobileLauncherProfileWizard
LogPluginManager: Mounting plugin PluginBrowser
LogPluginManager: Mounting plugin SpeedTreeImporter
LogPluginManager: Mounting plugin DatasmithContent
LogPluginManager: Mounting plugin AlembicImporter
LogPluginManager: Mounting plugin CharacterAI
LogPluginManager: Mounting plugin HTML5Networking
LogPluginManager: Mounting plugin AndroidMedia
LogPluginManager: Mounting plugin AvfMedia
LogPluginManager: Mounting plugin ImgMedia
LogPluginManager: Mounting plugin LinearTimecode
LogPluginManager: Mounting plugin MediaCompositing
LogPluginManager: Mounting plugin MediaPlayerEditor
LogPluginManager: Mounting plugin WmfMedia
LogPluginManager: Mounting plugin TcpMessaging
LogPluginManager: Mounting plugin UdpMessaging
LogPluginManager: Mounting plugin ActorSequence
LogPluginManager: Mounting plugin LevelSequenceEditor
LogPluginManager: Mounting plugin MatineeToLevelSequence
LogPluginManager: Mounting plugin NetcodeUnitTest
LogPluginManager: Mounting plugin NUTUnrealEngine4
LogPluginManager: Mounting plugin OnlineSubsystemGooglePlay
LogPluginManager: Mounting plugin OnlineSubsystemIOS
LogPluginManager: Mounting plugin OnlineSubsystem
LogPluginManager: Mounting plugin OnlineSubsystemNull
LogPluginManager: Mounting plugin OnlineSubsystemUtils
LogPluginManager: Mounting plugin AndroidDeviceProfileSelector
LogPluginManager: Mounting plugin AndroidMoviePlayer
LogPluginManager: Mounting plugin AndroidPermission
LogPluginManager: Mounting plugin AppleARKit
LogPluginManager: Mounting plugin AppleMoviePlayer
LogPluginManager: Mounting plugin ArchVisCharacter
LogPluginManager: Mounting plugin AudioCapture
LogPluginManager: Mounting plugin CableComponent
LogPluginManager: Mounting plugin CustomMeshComponent
LogPluginManager: Mounting plugin ExampleDeviceProfileSelector
LogPluginManager: Mounting plugin GoogleCloudMessaging
LogPluginManager: Mounting plugin ImmediatePhysics
LogPluginManager: Mounting plugin IOSDeviceProfileSelector
LogPluginManager: Mounting plugin LinuxDeviceProfileSelector
LogPluginManager: Mounting plugin LocationServicesBPLibrary
LogPluginManager: Mounting plugin MobilePatchingUtils
LogPluginManager: Mounting plugin OculusVR
LogPluginManager: Plugin shader directory ../../../Engine/Plugins/Runtime/Oculus/OculusVR/Shaders found
LogPluginManager: Mapping shader source directory ../../../Engine/Plugins/Runtime/Oculus/OculusVR/Shaders to virtual directory /Plugin/OculusVR
LogPluginManager: Mounting plugin PhysXVehicles
LogPluginManager: Mounting plugin ProceduralMeshComponent
LogPluginManager: Mounting plugin RuntimePhysXCooking
LogPluginManager: Mounting plugin SteamVR
LogPluginManager: Mounting plugin WindowsMoviePlayer
LogStreaming: Display: Took  1.069s to configure plugins.
LogInit: Using libcurl 7.47.1
LogInit:  - built for x86_64-pc-win32
LogInit:  - supports SSL with OpenSSL/1.0.2g
LogInit:  - supports HTTP deflate (compression) using libz 1.2.8
LogInit:  - other features:
LogInit:      CURL_VERSION_SSL
LogInit:      CURL_VERSION_LIBZ
LogInit:      CURL_VERSION_IPV6
LogInit:      CURL_VERSION_ASYNCHDNS
LogInit:      CURL_VERSION_LARGEFILE
LogInit:      CURL_VERSION_IDN
LogInit:  CurlRequestOptions (configurable via config and command line):
LogInit:  - bVerifyPeer = false  - Libcurl will NOT verify peer certificate
LogInit:  - bUseHttpProxy = false  - Libcurl will NOT use HTTP proxy
LogInit:  - bDontReuseConnections = false  - Libcurl will reuse connections
LogInit:  - CertBundlePath = nullptr  - Libcurl will use whatever was configured at build time.
LogInit:  - MaxHostConnections = 16  - Libcurl will limit the number of connections to a host
LogInit:  - LocalHostAddr = Default
LogInit: WinSock: version 1.1 (2.2), MaxSocks=32767, MaxUdp=65467
LogInit: WinSock: I am Tanners-Omen-Desktop (10.0.0.98:0)
LogInit: Build: ++UE4+Release-4.19-CL-4033788
LogInit: Engine Version: 4.19.2-4033788+++UE4+Release-4.19
LogInit: Compatible Engine Version: 4.19.0-3944462+++UE4+Release-4.19
LogInit: Net CL: 3944462
LogDevObjectVersion: Number of dev versions registered: 18
LogDevObjectVersion:   Dev-Blueprints (B0D832E4-1F89-4F0D-ACCF-7EB736FD4AA2): 10
LogDevObjectVersion:   Dev-Build (E1C64328-A22C-4D53-A36C-8E866417BD8C): 0
LogDevObjectVersion:   Dev-Core (375EC13C-06E4-48FB-B500-84F0262A717E): 2
LogDevObjectVersion:   Dev-Editor (E4B068ED-F494-42E9-A231-DA0B2E46BB41): 23
LogDevObjectVersion:   Dev-Framework (CFFC743F-43B0-4480-9391-14DF171D2073): 33
LogDevObjectVersion:   Dev-Mobile (B02B49B5-BB20-44E9-A304-32B752E40360): 2
LogDevObjectVersion:   Dev-Networking (A4E4105C-59A1-49B5-A7C5-40C4547EDFEE): 0
LogDevObjectVersion:   Dev-Online (39C831C9-5AE6-47DC-9A44-9C173E1C8E7C): 0
LogDevObjectVersion:   Dev-Physics (78F01B33-EBEA-4F98-B9B4-84EACCB95AA2): 0
LogDevObjectVersion:   Dev-Platform (6631380F-2D4D-43E0-8009-CF276956A95A): 0
LogDevObjectVersion:   Dev-Rendering (12F88B9F-8875-4AFC-A67C-D90C383ABD29): 25
LogDevObjectVersion:   Dev-Sequencer (7B5AE74C-D270-4C10-A958-57980B212A5A): 6
LogDevObjectVersion:   Dev-VR (D7296918-1DD6-4BDD-9DE2-64A83CC13884): 1
LogDevObjectVersion:   Dev-LoadTimes (C2A15278-BFE7-4AFE-6C17-90FF531DF755): 1
LogDevObjectVersion:   Private-Geometry (6EACA3D4-40EC-4CC1-B786-8BED09428FC5): 2
LogDevObjectVersion:   Dev-AnimPhys (29E575DD-E0A3-4627-9D10-D276232CDCEA): 16
LogDevObjectVersion:   Dev-ReflectionCapture (6B266CEC-1EC7-4B8F-A30B-E4D90942FC07): 1
LogDevObjectVersion:   Dev-Automation (0DF73D61-A23F-47EA-B727-89E90C41499A): 1
LogInit: Compiled (64-bit): Apr 27 2018 02:06:57
LogInit: Compiled with Visual C++: 19.00.24215.01
LogInit: Build Configuration: Development
LogInit: Branch Name: ++UE4+Release-4.19
LogInit: Command Line: -EpicPortal 
LogInit: Base Directory: C:/Program Files/Epic Games/UE_4.19/Engine/Binaries/Win64/
LogInit: Installed Engine Build: 1
LogStreaming: Display: Took  0.046s to delete old logs.
LogInit: Presizing for max 8388607 objects, including 0 objects not considered by GC, pre-allocating 0 bytes for permanent pool.
LogInit: Object subsystem initialized
[2018.07.17-15.07.28:858][  0]LogInit: Selected Device Profile: [Windows]
[2018.07.17-15.07.28:858][  0]LogInit: Applying CVar settings loaded from the selected device profile: [Windows]
[2018.07.17-15.07.28:896][  0]LogInit: Computer: TANNERS-OMEN-DE
[2018.07.17-15.07.28:896][  0]LogInit: User: tanne
[2018.07.17-15.07.28:896][  0]LogInit: CPU Page size=4096, Cores=4
[2018.07.17-15.07.28:896][  0]LogInit: High frequency timer resolution =3.515621 MHz
[2018.07.17-15.07.28:897][  0]LogMemory: Memory total: Physical=15.9GB (16GB approx)
[2018.07.17-15.07.28:897][  0]LogMemory: Platform Memory Stats for Windows
[2018.07.17-15.07.28:897][  0]LogMemory: Process Physical Memory: 274.65 MB used, 274.65 MB peak
[2018.07.17-15.07.28:897][  0]LogMemory: Process Virtual Memory: 264.92 MB used, 264.92 MB peak
[2018.07.17-15.07.28:897][  0]LogMemory: Physical Memory: 6073.44 MB used,  10246.28 MB free, 16319.72 MB total
[2018.07.17-15.07.28:897][  0]LogMemory: Virtual Memory: 4794.23 MB used,  10246.28 MB free, 134217728.00 MB total
[2018.07.17-15.07.28:917][  0]LogInit: Using OS detected language (en-US).
[2018.07.17-15.07.28:917][  0]LogInit: Using OS detected locale (en-US).
[2018.07.17-15.07.28:921][  0]LogTextLocalizationManager: No specific localization for 'en-US' exists, so the 'en' localization will be used.
[2018.07.17-15.07.29:273][  0]LogStreaming: Display: Took  0.356s to EndInitTextLocalization.
[2018.07.17-15.07.29:273][  0]LogInit: Setting process to per monitor DPI aware
[2018.07.17-15.07.29:302][  0]LogSlate: New Slate User Created.  User Index 0, Is Virtual User: 0
[2018.07.17-15.07.29:302][  0]LogSlate: Slate User Registered.  User Index 0, Is Virtual User: 0
[2018.07.17-15.07.29:455][  0]LogD3D11RHI: D3D11 adapters:
[2018.07.17-15.07.29:498][  0]LogD3D11RHI:    0. 'NVIDIA GeForce GTX 1070' (Feature Level 11_0)
[2018.07.17-15.07.29:498][  0]LogD3D11RHI:       8088/0/8159 MB DedicatedVideo/DedicatedSystem/SharedSystem, Outputs:2, VendorId:0x10de
[2018.07.17-15.07.29:499][  0]LogD3D11RHI:    1. 'Microsoft Basic Render Driver' (Feature Level 11_0)
[2018.07.17-15.07.29:499][  0]LogD3D11RHI:       0/0/8159 MB DedicatedVideo/DedicatedSystem/SharedSystem, Outputs:0, VendorId:0x1414
[2018.07.17-15.07.29:499][  0]LogD3D11RHI: Chosen D3D11 Adapter: 0
[2018.07.17-15.07.29:507][  0]LogD3D11RHI: Creating new Direct3DDevice
[2018.07.17-15.07.29:507][  0]LogD3D11RHI:     GPU DeviceId: 0x1b81 (for the marketing name, search the web for "GPU Device Id")
[2018.07.17-15.07.29:507][  0]LogWindows: EnumDisplayDevices:
[2018.07.17-15.07.29:507][  0]LogWindows:    0. 'NVIDIA GeForce GTX 1070' (P:1 D:1)
[2018.07.17-15.07.29:507][  0]LogWindows:    1. 'NVIDIA GeForce GTX 1070' (P:0 D:1)
[2018.07.17-15.07.29:507][  0]LogWindows:    2. 'NVIDIA GeForce GTX 1070' (P:0 D:0)
[2018.07.17-15.07.29:507][  0]LogWindows:    3. 'NVIDIA GeForce GTX 1070' (P:0 D:0)
[2018.07.17-15.07.29:507][  0]LogWindows: DebugString: GetVideoDriverDetailsInvalid PrimaryIsNotTheChoosenAdapter GetVideoDriverDetailsInvalid PrimaryIsNotTheChoosenAdapter GetVideoDriverDetailsInvalid PrimaryIsNotTheChoosenAdapter GetVideoDriverDetailsInvalid PrimaryIsNotTheChoosenAdapter FoundDriverCount:0 
[2018.07.17-15.07.29:507][  0]LogD3D11RHI:     Adapter Name: NVIDIA GeForce GTX 1070
[2018.07.17-15.07.29:507][  0]LogD3D11RHI:   Driver Version: Unknown (internal:Unknown, unified:Unknown)
[2018.07.17-15.07.29:507][  0]LogD3D11RHI:      Driver Date: Unknown
[2018.07.17-15.07.29:507][  0]LogRHI: Texture pool is 5661 MB (70% of 8088 MB)
[2018.07.17-15.07.29:534][  0]LogD3D11RHI: [Aftermath] Aftermath enabled and primed
[2018.07.17-15.07.29:534][  0]LogD3D11RHI: [Aftermath] Aftermath enabled and primed
[2018.07.17-15.07.29:534][  0]LogD3D11RHI: Async texture creation enabled
[2018.07.17-15.07.29:560][  0]LogD3D11RHI: GPU Timing Frequency: 1000.000000 (Debug: 2 2)
[2018.07.17-15.07.29:656][  0]LogShaderCompilers: Guid format shader working directory is -21 characters bigger than the processId version (../../../../../../Users/tanne/Documents/Unreal Projects/FpsProject/Intermediate/Shaders/WorkingDirectory/27312/).
[2018.07.17-15.07.29:656][  0]LogShaderCompilers: Cleaned the shader compiler working directory 'C:/Users/tanne/AppData/Local/Temp/UnrealShaderWorkingDir/BDAFF2F1453A24B2FE59D0B020F83C42/'.
[2018.07.17-15.07.29:821][  0]LogTemp: Display: Loaded TP AllDesktopTargetPlatform
[2018.07.17-15.07.29:832][  0]LogTemp: Display: Loaded TP MacClientTargetPlatform
[2018.07.17-15.07.29:846][  0]LogTemp: Display: Loaded TP MacNoEditorTargetPlatform
[2018.07.17-15.07.29:857][  0]LogTemp: Display: Loaded TP MacServerTargetPlatform
[2018.07.17-15.07.29:868][  0]LogTemp: Display: Loaded TP MacTargetPlatform
[2018.07.17-15.07.29:879][  0]LogTemp: Display: Loaded TP WindowsClientTargetPlatform
[2018.07.17-15.07.29:890][  0]LogTemp: Display: Loaded TP WindowsNoEditorTargetPlatform
[2018.07.17-15.07.29:902][  0]LogTemp: Display: Loaded TP WindowsServerTargetPlatform
[2018.07.17-15.07.29:908][  0]LogTemp: Display: Loaded TP WindowsTargetPlatform
[2018.07.17-15.07.29:918][  0]LogTemp: Display: Loaded TP Android_ASTCTargetPlatform
[2018.07.17-15.07.29:929][  0]LogTemp: Display: Loaded TP Android_ATCTargetPlatform
[2018.07.17-15.07.29:939][  0]LogTemp: Display: Loaded TP Android_DXTTargetPlatform
[2018.07.17-15.07.29:950][  0]LogTemp: Display: Loaded TP Android_ETC1aTargetPlatform
[2018.07.17-15.07.29:960][  0]LogTemp: Display: Loaded TP Android_ETC1TargetPlatform
[2018.07.17-15.07.29:971][  0]LogTemp: Display: Loaded TP Android_ETC2TargetPlatform
[2018.07.17-15.07.29:994][  0]LogTemp: Display: Loaded TP Android_MultiTargetPlatform
[2018.07.17-15.07.29:994][  0]LogTemp: Display: Loaded TP Android_PVRTCTargetPlatform
[2018.07.17-15.07.30:004][  0]LogTemp: Display: Loaded TP AndroidTargetPlatform
[2018.07.17-15.07.30:005][  0]LogTemp: Display: Loaded TP HTML5TargetPlatform
[2018.07.17-15.07.30:041][  0]LogTemp: Display: Loaded TP IOSTargetPlatform
[2018.07.17-15.07.30:053][  0]LogTemp: Display: Loaded TP TVOSTargetPlatform
[2018.07.17-15.07.30:064][  0]LogTemp: Display: Loaded TP LinuxClientTargetPlatform
[2018.07.17-15.07.30:075][  0]LogTemp: Display: Loaded TP LinuxNoEditorTargetPlatform
[2018.07.17-15.07.30:089][  0]LogTemp: Display: Loaded TP LinuxServerTargetPlatform
[2018.07.17-15.07.30:100][  0]LogTemp: Display: Loaded TP LinuxTargetPlatform
[2018.07.17-15.07.30:100][  0]LogTargetPlatformManager: Display: Building Assets For Windows
[2018.07.17-15.07.30:203][  0]LogXGEController: Cannot use XGE Controller as Incredibuild is not installed on this machine.
[2018.07.17-15.07.30:203][  0]LogShaderCompilers: Cannot use XGE Shader Compiler as Incredibuild is not installed on this machine.
[2018.07.17-15.07.30:203][  0]LogShaderCompilers: Display: Using Local Shader Compiler.
[2018.07.17-15.07.30:827][  0]LogDerivedDataCache: Display: Max Cache Size: 512 MB
[2018.07.17-15.07.30:891][  0]LogDerivedDataCache: Loaded boot cache 0.06s 74MB C:/Users/tanne/AppData/Local/UnrealEngine/4.19/DerivedDataCache/Boot.ddc.
[2018.07.17-15.07.30:892][  0]LogDerivedDataCache: Display: Loaded Boot cache: C:/Users/tanne/AppData/Local/UnrealEngine/4.19/DerivedDataCache/Boot.ddc
[2018.07.17-15.07.30:892][  0]LogDerivedDataCache: FDerivedDataBackendGraph:  Pak pak cache file ../../../../../../Users/tanne/Documents/Unreal Projects/FpsProject/DerivedDataCache/DDC.ddp not found, will not use a pak cache.
[2018.07.17-15.07.30:892][  0]LogDerivedDataCache: Unable to find inner node Pak for hierarchical cache Hierarchy.
[2018.07.17-15.07.30:892][  0]LogDerivedDataCache: FDerivedDataBackendGraph:  CompressedPak pak cache file ../../../../../../Users/tanne/Documents/Unreal Projects/FpsProject/DerivedDataCache/Compressed.ddp not found, will not use a pak cache.
[2018.07.17-15.07.30:892][  0]LogDerivedDataCache: Unable to find inner node CompressedPak for hierarchical cache Hierarchy.
[2018.07.17-15.07.30:905][  0]LogDerivedDataCache: Display: Pak cache opened for reading ../../../Engine/DerivedDataCache/Compressed.ddp.
[2018.07.17-15.07.30:917][  0]LogDerivedDataCache: Using Local data cache path C:/Users/tanne/AppData/Local/UnrealEngine/Common/DerivedDataCache: Writable
[2018.07.17-15.07.30:917][  0]LogDerivedDataCache: Shared data cache path not found in *engine.ini, will not use an Shared cache.
[2018.07.17-15.07.30:917][  0]LogDerivedDataCache: Unable to find inner node Shared for hierarchical cache Hierarchy.
[2018.07.17-15.07.30:927][  0]LogMaterial: Verifying Global Shaders for PCD3D_SM5
[2018.07.17-15.07.30:927][  0]LogSlate: Using Freetype 2.6.0
[2018.07.17-15.07.30:928][  0]LogSlate: SlateFontCache - WITH_FREETYPE: 1, WITH_HARFBUZZ: 1
[2018.07.17-15.07.30:928][  0]LogSlate: SlateFontCache - WITH_FREETYPE: 1, WITH_HARFBUZZ: 1
[2018.07.17-15.07.31:036][  0]LogAssetRegistry: FAssetRegistry took 0.0261 seconds to start up
[2018.07.17-15.07.31:283][  0]LogInit: Selected Device Profile: [Windows]
[2018.07.17-15.07.31:405][  0]LogSimplygon: Simplygon DLL not present - disabling.
[2018.07.17-15.07.31:407][  0]LogMeshReduction: Using SimplygonSwarm for distributed automatic mesh merging
[2018.07.17-15.07.31:407][  0]LogMeshReduction: Using QuadricMeshReduction for automatic static mesh reduction
[2018.07.17-15.07.31:407][  0]LogMeshReduction: No automatic skeletal mesh reduction module available
[2018.07.17-15.07.31:407][  0]LogMeshReduction: No automatic mesh merging module available
[2018.07.17-15.07.31:407][  0]LogMeshMerging: No automatic mesh merging module available
[2018.07.17-15.07.31:435][  0]LogNetVersion: FpsProject , NetCL: 3944462, EngineNetVer: 2, GameNetVer: 0 (Checksum: 1223245918)
[2018.07.17-15.07.33:024][  0]LogPackageLocalizationCache: Processed 9 localized package path(s) for 2 prioritized culture(s) in 1.203218 seconds
[2018.07.17-15.07.33:029][  0]LogUObjectArray: 36728 objects as part of root set at end of initial load.
[2018.07.17-15.07.33:029][  0]LogUObjectAllocator: 7314312 out of 0 bytes used by permanent object pool.
[2018.07.17-15.07.33:029][  0]LogUObjectArray: CloseDisregardForGC: 0/0 objects in disregard for GC pool
[2018.07.17-15.07.34:539][  0]LogTcpMessaging: Initializing TcpMessaging bridge
[2018.07.17-15.07.34:568][  0]LogUdpMessaging: Initializing bridge on interface 0.0.0.0:0 to multicast group 230.0.0.1:6666.
[2018.07.17-15.07.34:927][  0]SourceControl: Source control is disabled
[2018.07.17-15.07.34:927][  0]SourceControl: Source control is disabled
[2018.07.17-15.07.34:944][  0]SourceControl: Source control is disabled
[2018.07.17-15.07.34:960][  0]SourceControl: Source control is disabled
[2018.07.17-15.07.35:464][  0]LogAndroidPermission: UAndroidPermissionCallbackProxy::GetInstance
[2018.07.17-15.07.35:588][  0]LogOcInput: OculusInput pre-init called
[2018.07.17-15.07.35:681][  0]LogEngine: Initializing Engine...
[2018.07.17-15.07.35:682][  0]LogHMD: Failed to initialize OpenVR with code 110
[2018.07.17-15.07.35:683][  0]LogStats: UGameplayTagsManager::ConstructGameplayTagTree: Construct from data asset -  0.000 s
[2018.07.17-15.07.35:683][  0]LogStats: UGameplayTagsManager::ConstructGameplayTagTree: GameplayTagTreeChangedEvent.Broadcast -  0.000 s
[2018.07.17-15.07.35:865][  0]LogAIModule: Creating AISystem for world Untitled
[2018.07.17-15.07.35:915][  0]LogInit: XAudio2 using 'Speakers (Realtek High Definition Audio)' : 2 channels at 48 kHz using 32 bits per sample (channel mask 0x3)
[2018.07.17-15.07.35:947][  0]LogInit: FAudioDevice initialized.
[2018.07.17-15.07.36:395][  0]LogDerivedDataCache: Saved boot cache 0.45s 74MB C:/Users/tanne/AppData/Local/UnrealEngine/4.19/DerivedDataCache/Boot.ddc.
[2018.07.17-15.07.36:409][  0]LogInit: Texture streaming: Enabled
[2018.07.17-15.07.36:424][  0]LogEngineSessionManager: EngineSessionManager initialized
[2018.07.17-15.07.36:438][  0]LogInit: Transaction tracking system initialized
[2018.07.17-15.07.36:465][  0]BlueprintLog: New page: Editor Load
[2018.07.17-15.07.36:767][  0]LocalizationService: Localization service is disabled
[2018.07.17-15.07.36:861][  0]LogConsoleResponse: Display: 
[2018.07.17-15.07.37:190][  0]LogCook: Display: Max memory allowance for cook 16384mb min free memory 0mb
[2018.07.17-15.07.37:190][  0]LogCook: Display: Mobile HDR setting 1
[2018.07.17-15.07.37:190][  0]LogGameplayTags: Display: UGameplayTagsManager::DoneAddingNativeTags. DelegateIsBound: 0
[2018.07.17-15.07.37:190][  0]LogStats: UGameplayTagsManager::ConstructGameplayTagTree: Construct from data asset -  0.000 s
[2018.07.17-15.07.37:190][  0]LogStats: UGameplayTagsManager::ConstructGameplayTagTree: GameplayTagTreeChangedEvent.Broadcast -  0.000 s
[2018.07.17-15.07.37:576][  0]LogFileCache: Scanning file cache for directory 'C:/Users/tanne/Documents/Unreal Projects/FpsProject/Content/' took 0.11s
[2018.07.17-15.07.37:576][  0]SourceControl: Source control is disabled
[2018.07.17-15.07.37:576][  0]Cmd: MAP LOAD FILE="../../../../../../Users/tanne/Documents/Unreal Projects/FpsProject/Content/ThirdPersonBP/Maps/ThirdPersonExampleMap.umap" TEMPLATE=0 SHOWPROGRESS=1 FEATURELEVEL=3
[2018.07.17-15.07.37:577][  0]LightingResults: New page: Lighting Build
[2018.07.17-15.07.37:580][  0]MapCheck: New page: Map Check
[2018.07.17-15.07.37:580][  0]LightingResults: New page: Lighting Build
[2018.07.17-15.07.39:077][  0]LogUObjectGlobals: Created PersistentFrame Addr=0x0000013db4b99000, Size=688, Default__ThirdPersonCharacter_C Function /Game/ThirdPersonBP/Blueprints/ThirdPersonCharacter.ThirdPersonCharacter_C:ExecuteUbergraph_ThirdPersonCharacter
[2018.07.17-15.07.39:853][  0]LogUObjectGlobals: Created PersistentFrame Addr=0x0000013dab79ff20, Size=112, Default__Weapon_Base_C Function /Game/ThirdPersonBP/Blueprints/Weapons/AK47/Weapon_Base.Weapon_Base_C:ExecuteUbergraph_Weapon_Base
[2018.07.17-15.07.39:893][  0]LogUObjectGlobals: Created PersistentFrame Addr=0x0000013daca5f8d0, Size=4, Default__DamageEffect_C Function /Game/ThirdPersonBP/Blueprints/DamageEffect.DamageEffect_C:ExecuteUbergraph_DamageEffect
[2018.07.17-15.07.39:908][  0]LogUObjectGlobals: Created PersistentFrame Addr=0x0000013dab79ebe0, Size=112, Default__SWAT_AnimBP_C Function /Game/ThirdPersonBP/Blueprints/Character/SWAT_AnimBP.SWAT_AnimBP_C:ExecuteUbergraph_SWAT_AnimBP
[2018.07.17-15.07.40:639][  0]LogUObjectGlobals: Destroyed PersistentFrame Addr=0x0000013dab79ebe0, Size=112
[2018.07.17-15.07.40:639][  0]LogUObjectGlobals: Created PersistentFrame Addr=0x0000013db5ee7900, Size=112, Default__SWAT_AnimBP_C Function /Engine/Transient.REINST_SWAT_AnimBP_C_0:ExecuteUbergraph_SWAT_AnimBP
[2018.07.17-15.07.40:640][  0]LogUObjectGlobals: Destroyed PersistentFrame Addr=0x0000013dab79ff20, Size=112
[2018.07.17-15.07.40:640][  0]LogUObjectGlobals: Created PersistentFrame Addr=0x0000013db5ee77b0, Size=112, Default__Weapon_Base_C Function /Engine/Transient.REINST_Weapon_Base_C_2:ExecuteUbergraph_Weapon_Base
[2018.07.17-15.07.40:640][  0]LogUObjectGlobals: Destroyed PersistentFrame Addr=0x0000013daca5f8d0, Size=4
[2018.07.17-15.07.40:640][  0]LogUObjectGlobals: Created PersistentFrame Addr=0x0000013daca5f8d0, Size=4, Default__DamageEffect_C Function /Engine/Transient.REINST_DamageEffect_C_0:ExecuteUbergraph_DamageEffect
[2018.07.17-15.07.40:640][  0]LogUObjectGlobals: Destroyed PersistentFrame Addr=0x0000013db4b99000, Size=688
[2018.07.17-15.07.40:640][  0]LogUObjectGlobals: Created PersistentFrame Addr=0x0000013db5f09f00, Size=688, Default__ThirdPersonCharacter_C Function /Engine/Transient.REINST_ThirdPersonCharacter_C_3:ExecuteUbergraph_ThirdPersonCharacter
[2018.07.17-15.07.40:732][  0]LogUObjectGlobals: Created PersistentFrame Addr=0x0000013db043dfc0, Size=184, Default__SWAT_AnimBP_C Function /Game/ThirdPersonBP/Blueprints/Character/SWAT_AnimBP.SWAT_AnimBP_C:ExecuteUbergraph_SWAT_AnimBP
[2018.07.17-15.07.40:733][  0]LogUObjectGlobals: Created PersistentFrame Addr=0x0000013db042d600, Size=112, Default__Weapon_Base_C Function /Game/ThirdPersonBP/Blueprints/Weapons/AK47/Weapon_Base.Weapon_Base_C:ExecuteUbergraph_Weapon_Base
[2018.07.17-15.07.40:733][  0]LogUObjectGlobals: Created PersistentFrame Addr=0x0000013db0483a90, Size=4, Default__DamageEffect_C Function /Game/ThirdPersonBP/Blueprints/DamageEffect.DamageEffect_C:ExecuteUbergraph_DamageEffect
[2018.07.17-15.07.40:740][  0]LogUObjectGlobals: Created PersistentFrame Addr=0x0000013db03f2800, Size=688, Default__ThirdPersonCharacter_C Function /Game/ThirdPersonBP/Blueprints/ThirdPersonCharacter.ThirdPersonCharacter_C:ExecuteUbergraph_ThirdPersonCharacter
[2018.07.17-15.07.40:836][  0]LogUObjectGlobals: Created PersistentFrame Addr=0x0000013dafe084a0, Size=32, Default__PainVolume_C Function /Game/ThirdPersonBP/Blueprints/PainVolume.PainVolume_C:ExecuteUbergraph_PainVolume
[2018.07.17-15.07.40:837][  0]LogUObjectGlobals: Destroyed PersistentFrame Addr=0x0000013dafe084a0, Size=32
[2018.07.17-15.07.40:837][  0]LogUObjectGlobals: Created PersistentFrame Addr=0x0000013dafe084a0, Size=32, Default__PainVolume_C Function /Engine/Transient.REINST_PainVolume_C_14:ExecuteUbergraph_PainVolume
[2018.07.17-15.07.40:837][  0]LogUObjectGlobals: Created PersistentFrame Addr=0x0000013dafe08900, Size=32, Default__PainVolume_C Function /Game/ThirdPersonBP/Blueprints/PainVolume.PainVolume_C:ExecuteUbergraph_PainVolume
[2018.07.17-15.07.40:838][  0]LogUObjectGlobals: Destroyed PersistentFrame Addr=0x0000013dafe08900, Size=32
[2018.07.17-15.07.40:838][  0]LogUObjectGlobals: Created PersistentFrame Addr=0x0000013dafe08900, Size=32, Default__PainVolume_C Function /Engine/Transient.REINST_PainVolume_C_15:ExecuteUbergraph_PainVolume
[2018.07.17-15.07.40:839][  0]LogUObjectGlobals: Created PersistentFrame Addr=0x0000013db0283858, Size=40, Default__PainVolume_C Function /Game/ThirdPersonBP/Blueprints/PainVolume.PainVolume_C:ExecuteUbergraph_PainVolume
[2018.07.17-15.07.42:581][  0]LogSkeletalMesh: Skeletal Mesh found in DDC [47.482933ms] /Game/ThirdPersonBP/Blueprints/Weapons/AK47/AK.AK
[2018.07.17-15.07.42:672][  0]LogAnimationCompression: Building Anim DDC data for AnimSequence /Game/ThirdPersonBP/Blueprints/Character/Animations/walk_right_inPlace.walk_right_inPlace
[2018.07.17-15.07.42:681][  0]LogAnimationCompression: Recompressing (AnimSequence /Game/ThirdPersonBP/Blueprints/Character/Animations/walk_right_inPlace.walk_right_inPlace) using current/default (AnimCompress_BitwiseCompressOnly_50) bFirstRecompressUsingCurrentOrDefault(1) bTryAlternateCompressor(0) IsCompressedDataValid(0)
[2018.07.17-15.07.42:698][  0]LogAnimationCompression: Building Anim DDC data for AnimSequence /Game/ThirdPersonBP/Blueprints/Character/Animations/walk_left_inPlace.walk_left_inPlace
[2018.07.17-15.07.42:698][  0]LogAnimationCompression: Recompressing (AnimSequence /Game/ThirdPersonBP/Blueprints/Character/Animations/walk_left_inPlace.walk_left_inPlace) using current/default (AnimCompress_BitwiseCompressOnly_49) bFirstRecompressUsingCurrentOrDefault(1) bTryAlternateCompressor(0) IsCompressedDataValid(0)
[2018.07.17-15.07.42:710][  0]LogAnimationCompression: Building Anim DDC data for AnimSequence /Game/ThirdPersonBP/Blueprints/Character/Animations/walk_forward_inPlace.walk_forward_inPlace
[2018.07.17-15.07.42:710][  0]LogAnimationCompression: Recompressing (AnimSequence /Game/ThirdPersonBP/Blueprints/Character/Animations/walk_forward_inPlace.walk_forward_inPlace) using current/default (AnimCompress_BitwiseCompressOnly_46) bFirstRecompressUsingCurrentOrDefault(1) bTryAlternateCompressor(0) IsCompressedDataValid(0)
[2018.07.17-15.07.42:711][  0]LogAnimationCompression: Building Anim DDC data for AnimSequence /Game/ThirdPersonBP/Blueprints/Character/Animations/walk_backward_inPlace.walk_backward_inPlace
[2018.07.17-15.07.42:711][  0]LogAnimationCompression: Recompressing (AnimSequence /Game/ThirdPersonBP/Blueprints/Character/Animations/walk_backward_inPlace.walk_backward_inPlace) using current/default (AnimCompress_BitwiseCompressOnly_35) bFirstRecompressUsingCurrentOrDefault(1) bTryAlternateCompressor(0) IsCompressedDataValid(0)
[2018.07.17-15.07.43:019][  0]LogSkeletalMesh: Skeletal Mesh found in DDC [39.542088ms] /Game/ThirdPersonBP/Blueprints/Character/Swat.Swat
[2018.07.17-15.07.43:194][  0]LogAnimationCompression: Building Anim DDC data for AnimSequence /Game/ThirdPersonBP/Blueprints/Character/Animations/idle_aiming.idle_aiming
[2018.07.17-15.07.43:194][  0]LogAnimationCompression: Recompressing (AnimSequence /Game/ThirdPersonBP/Blueprints/Character/Animations/idle_aiming.idle_aiming) using current/default (AnimCompress_BitwiseCompressOnly_10) bFirstRecompressUsingCurrentOrDefault(1) bTryAlternateCompressor(0) IsCompressedDataValid(0)
[2018.07.17-15.07.43:733][  0]LogAnimationCompression: Building Anim DDC data for AnimSequence /Game/ThirdPersonBP/Blueprints/Character/Animations/run_right_inPlace.run_right_inPlace
[2018.07.17-15.07.43:734][  0]LogAnimationCompression: Recompressing (AnimSequence /Game/ThirdPersonBP/Blueprints/Character/Animations/run_right_inPlace.run_right_inPlace) using current/default (AnimCompress_BitwiseCompressOnly_24) bFirstRecompressUsingCurrentOrDefault(1) bTryAlternateCompressor(0) IsCompressedDataValid(0)
[2018.07.17-15.07.43:734][  0]LogAnimationCompression: Building Anim DDC data for AnimSequence /Game/ThirdPersonBP/Blueprints/Character/Animations/run_left_inPlace.run_left_inPlace
[2018.07.17-15.07.43:735][  0]LogAnimationCompression: Recompressing (AnimSequence /Game/ThirdPersonBP/Blueprints/Character/Animations/run_left_inPlace.run_left_inPlace) using current/default (AnimCompress_BitwiseCompressOnly_23) bFirstRecompressUsingCurrentOrDefault(1) bTryAlternateCompressor(0) IsCompressedDataValid(0)
[2018.07.17-15.07.43:751][  0]LogAnimationCompression: Building Anim DDC data for AnimSequence /Game/ThirdPersonBP/Blueprints/Character/Animations/run_forward_inPlace.run_forward_inPlace
[2018.07.17-15.07.43:751][  0]LogAnimationCompression: Recompressing (AnimSequence /Game/ThirdPersonBP/Blueprints/Character/Animations/run_forward_inPlace.run_forward_inPlace) using current/default (AnimCompress_BitwiseCompressOnly_20) bFirstRecompressUsingCurrentOrDefault(1) bTryAlternateCompressor(0) IsCompressedDataValid(0)
[2018.07.17-15.07.43:755][  0]LogAnimationCompression: Building Anim DDC data for AnimSequence /Game/ThirdPersonBP/Blueprints/Character/Animations/run_backward_inPlace.run_backward_inPlace
[2018.07.17-15.07.43:755][  0]LogAnimationCompression: Recompressing (AnimSequence /Game/ThirdPersonBP/Blueprints/Character/Animations/run_backward_inPlace.run_backward_inPlace) using current/default (AnimCompress_BitwiseCompressOnly_17) bFirstRecompressUsingCurrentOrDefault(1) bTryAlternateCompressor(0) IsCompressedDataValid(0)
[2018.07.17-15.07.43:841][  0]LogAIModule: Creating AISystem for world ThirdPersonExampleMap
[2018.07.17-15.07.43:877][  0]LogEditorServer: Finished looking for orphan Actors (0.000 secs)
[2018.07.17-15.07.43:888][  0]LogUObjectGlobals: Destroyed PersistentFrame Addr=0x0000013db5f09f00, Size=688
[2018.07.17-15.07.43:888][  0]LogUObjectGlobals: Destroyed PersistentFrame Addr=0x0000013db5ee77b0, Size=112
[2018.07.17-15.07.43:888][  0]LogUObjectGlobals: Destroyed PersistentFrame Addr=0x0000013daca5f8d0, Size=4
[2018.07.17-15.07.43:888][  0]LogUObjectGlobals: Destroyed PersistentFrame Addr=0x0000013db5ee7900, Size=112
[2018.07.17-15.07.43:888][  0]LogUObjectGlobals: Destroyed PersistentFrame Addr=0x0000013dafe084a0, Size=32
[2018.07.17-15.07.43:888][  0]LogUObjectGlobals: Destroyed PersistentFrame Addr=0x0000013dafe08900, Size=32
[2018.07.17-15.07.43:925][  0]Cmd: MAP CHECKDEP NOCLEARLOG
[2018.07.17-15.07.43:974][  0]MapCheck: Map check complete: 0 Error(s), 0 Warning(s), took 49.552ms to complete.
[2018.07.17-15.07.43:975][  0]LogFileHelpers: Loading map 'ThirdPersonExampleMap' took 6.398
[2018.07.17-15.07.44:355][  0]LogCollectionManager: Loaded 0 collections in 0.020059 seconds
[2018.07.17-15.07.44:424][  0]LogFileCache: Scanning file cache for directory 'C:/Users/tanne/Documents/Unreal Projects/FpsProject/Saved/Collections/' took 0.01s
[2018.07.17-15.07.44:425][  0]LogFileCache: Scanning file cache for directory 'C:/Users/tanne/Documents/Unreal Projects/FpsProject/Content/Developers/tanne/Collections/' took 0.01s
[2018.07.17-15.07.44:425][  0]LogFileCache: Scanning file cache for directory 'C:/Users/tanne/Documents/Unreal Projects/FpsProject/Content/Collections/' took 0.01s
[2018.07.17-15.07.44:425][  0]LogCollectionManager: Rebuilt the GUID cache for 0 collections in 0.000001 seconds
[2018.07.17-15.07.44:435][  0]LogContentBrowser: Native class hierarchy populated in 0.0104 seconds. Added 2452 classes and 558 folders.
[2018.07.17-15.07.44:441][  0]LogContentBrowser: Native class hierarchy updated for 'WidgetCarousel' in 0.0002 seconds. Added 0 classes and 0 folders.
[2018.07.17-15.07.45:629][  0]LogContentBrowser: Native class hierarchy updated for 'AddContentDialog' in 0.0002 seconds. Added 0 classes and 0 folders.
[2018.07.17-15.07.45:643][  0]LogContentBrowser: Native class hierarchy updated for 'SceneOutliner' in 0.0002 seconds. Added 1 classes and 2 folders.
[2018.07.17-15.07.45:723][  0]LogSlate: Took 0.000195 seconds to synchronously load lazily loaded font '../../../Engine/Content/Slate/Fonts/Roboto-Regular.ttf' (155K)
[2018.07.17-15.07.45:725][  0]LogSlate: Took 0.000231 seconds to synchronously load lazily loaded font '../../../Engine/Content/Slate/Fonts/Roboto-Bold.ttf' (160K)
[2018.07.17-15.07.45:755][  0]LogSlate: Took 0.025035 seconds to synchronously load lazily loaded font '../../../Engine/Content/Editor/Slate/Fonts/FontAwesome.ttf' (139K)
[2018.07.17-15.07.46:064][  0]LogRenderer: Reallocating scene render targets to support 1208x576 Format 10 NumSamples 1 (Frame:1).
[2018.07.17-15.07.46:197][  0]LogSlate: FSceneViewport::OnFocusLost() reason 2
[2018.07.17-15.07.46:396][  0]LogSlate: Window 'Tutorials' being destroyed
[2018.07.17-15.07.46:427][  0]LogContentBrowser: Native class hierarchy updated for 'HierarchicalLODOutliner' in 0.0002 seconds. Added 0 classes and 0 folders.
[2018.07.17-15.07.46:428][  0]LogLoad: (Engine Initialization) Total time: 20.30 seconds
[2018.07.17-15.07.46:428][  0]LogLoad: (Engine Initialization) Total Blueprint compile time: 0.00 seconds
[2018.07.17-15.07.46:436][  0]LogWindowsTextInputMethodSystem: Display: IME system now deactivated.
[2018.07.17-15.07.46:456][  0]LogContentStreaming: Texture pool size now 1000 MB
[2018.07.17-15.07.46:542][  0]LogSlate: Took 0.025807 seconds to synchronously load lazily loaded font '../../../Engine/Content/Slate/Fonts/Roboto-Light.ttf' (167K)
[2018.07.17-15.07.46:568][  1]LogAssetRegistry: Asset discovery search completed in 15.5544 seconds
[2018.07.17-15.07.46:570][  1]LogCollectionManager: Rebuilt the object cache for 0 collections in 0.000000 seconds (found 0 objects)
[2018.07.17-15.07.46:570][  1]LogCollectionManager: Fixed up redirectors for 0 collections in 0.000038 seconds (updated 0 objects)
[2018.07.17-15.07.53:752][374]LogSlate: FSceneViewport::OnFocusLost() reason 0
[2018.07.17-15.07.53:752][374]LogTemp: Repeating last play command: Selected Viewport
[2018.07.17-15.07.53:770][374]LogBlueprintUserMessages: Early PlayInEditor Detection: Level '/Game/ThirdPersonBP/Maps/ThirdPersonExampleMap.ThirdPersonExampleMap:PersistentLevel' has LevelScriptBlueprint '/Game/ThirdPersonBP/Maps/ThirdPersonExampleMap.ThirdPersonExampleMap:PersistentLevel.ThirdPersonExampleMap' with GeneratedClass '/Game/ThirdPersonBP/Maps/ThirdPersonExampleMap.ThirdPersonExampleMap_C' with ClassGeneratedBy '/Game/ThirdPersonBP/Maps/ThirdPersonExampleMap.ThirdPersonExampleMap:PersistentLevel.ThirdPersonExampleMap'
[2018.07.17-15.07.53:770][374]LogPlayLevel: PlayLevel: No blueprints needed recompiling
[2018.07.17-15.07.53:804][374]PIE: New page: PIE session: ThirdPersonExampleMap (Jul 17, 2018, 3:07:53 AM)
[2018.07.17-15.07.53:804][374]LogPlayLevel: Creating play world package: /Game/ThirdPersonBP/Maps/UEDPIE_0_ThirdPersonExampleMap
[2018.07.17-15.07.53:823][374]LogPlayLevel: PIE: StaticDuplicateObject took: (0.018839s)
[2018.07.17-15.07.53:823][374]LogAIModule: Creating AISystem for world ThirdPersonExampleMap
[2018.07.17-15.07.53:823][374]LogPlayLevel: PIE: World Init took: (0.000517s)
[2018.07.17-15.07.53:823][374]LogPlayLevel: PIE: Created PIE world by copying editor world from /Game/ThirdPersonBP/Maps/ThirdPersonExampleMap.ThirdPersonExampleMap to /Game/ThirdPersonBP/Maps/UEDPIE_0_ThirdPersonExampleMap.ThirdPersonExampleMap (0.019498s)
[2018.07.17-15.07.53:836][374]LogInit: XAudio2 using 'Speakers (Realtek High Definition Audio)' : 2 channels at 48 kHz using 32 bits per sample (channel mask 0x3)
[2018.07.17-15.07.53:850][374]LogInit: FAudioDevice initialized.
[2018.07.17-15.07.53:895][374]LogLoad: Game class is 'ThirdPersonGameMode_C'
[2018.07.17-15.07.53:897][374]LogWorld: Bringing World /Game/ThirdPersonBP/Maps/UEDPIE_0_ThirdPersonExampleMap.ThirdPersonExampleMap up for play (max tick rate 0) at 2018.07.17-09.07.53
[2018.07.17-15.07.53:898][374]LogWorld: Bringing up level for play took: 0.001567
[2018.07.17-15.07.53:924][374]LogContentBrowser: Native class hierarchy updated for 'MovieSceneCapture' in 0.0003 seconds. Added 11 classes and 0 folders.
[2018.07.17-15.07.53:925][374]PIE: Play in editor start time for /Game/ThirdPersonBP/Maps/UEDPIE_0_ThirdPersonExampleMap 0.663
[2018.07.17-15.07.53:925][374]LogBlueprintUserMessages: Late PlayInEditor Detection: Level '/Game/ThirdPersonBP/Maps/ThirdPersonExampleMap.ThirdPersonExampleMap:PersistentLevel' has LevelScriptBlueprint '/Game/ThirdPersonBP/Maps/ThirdPersonExampleMap.ThirdPersonExampleMap:PersistentLevel.ThirdPersonExampleMap' with GeneratedClass '/Game/ThirdPersonBP/Maps/ThirdPersonExampleMap.ThirdPersonExampleMap_C' with ClassGeneratedBy '/Game/ThirdPersonBP/Maps/ThirdPersonExampleMap.ThirdPersonExampleMap:PersistentLevel.ThirdPersonExampleMap'
[2018.07.17-15.07.54:496][437]LogBlueprintUserMessages: [Weapon_Base_C_0] 29
[2018.07.17-15.07.54:688][447]LogBlueprintUserMessages: [Weapon_Base_C_0] 28
[2018.07.17-15.07.54:963][480]LogBlueprintUserMessages: [Weapon_Base_C_0] 27
[2018.07.17-15.07.55:288][519]LogBlueprintUserMessages: [Weapon_Base_C_0] 26
[2018.07.17-15.07.55:646][562]LogBlueprintUserMessages: [Weapon_Base_C_0] 25
[2018.07.17-15.07.56:079][614]LogBlueprintUserMessages: [Weapon_Base_C_0] 24
[2018.07.17-15.07.56:171][625]LogBlueprintUserMessages: [Weapon_Base_C_0] 23
[2018.07.17-15.07.56:822][703]LogBlueprintUserMessages: [Weapon_Base_C_0] 22
[2018.07.17-15.07.56:912][714]LogBlueprintUserMessages: [Weapon_Base_C_0] 21
[2018.07.17-15.07.57:012][726]LogBlueprintUserMessages: [Weapon_Base_C_0] 20
[2018.07.17-15.07.57:112][738]LogBlueprintUserMessages: [Weapon_Base_C_0] 19
[2018.07.17-15.07.57:212][750]LogBlueprintUserMessages: [Weapon_Base_C_0] 18
[2018.07.17-15.07.57:312][762]LogBlueprintUserMessages: [Weapon_Base_C_0] 17
[2018.07.17-15.07.57:412][774]LogBlueprintUserMessages: [Weapon_Base_C_0] 16
[2018.07.17-15.07.57:512][786]LogBlueprintUserMessages: [Weapon_Base_C_0] 15
[2018.07.17-15.07.57:612][798]LogBlueprintUserMessages: [Weapon_Base_C_0] 14
[2018.07.17-15.07.57:712][810]LogBlueprintUserMessages: [Weapon_Base_C_0] 13
[2018.07.17-15.07.57:812][822]LogBlueprintUserMessages: [Weapon_Base_C_0] 12
[2018.07.17-15.07.57:912][834]LogBlueprintUserMessages: [Weapon_Base_C_0] 11
[2018.07.17-15.07.58:012][846]LogBlueprintUserMessages: [Weapon_Base_C_0] 10
[2018.07.17-15.07.58:112][858]LogBlueprintUserMessages: [Weapon_Base_C_0] 9
[2018.07.17-15.07.58:212][870]LogBlueprintUserMessages: [Weapon_Base_C_0] 8
[2018.07.17-15.07.58:312][882]LogBlueprintUserMessages: [Weapon_Base_C_0] 7
[2018.07.17-15.07.58:412][894]LogBlueprintUserMessages: [Weapon_Base_C_0] 6
[2018.07.17-15.07.58:512][906]LogBlueprintUserMessages: [Weapon_Base_C_0] 5
[2018.07.17-15.07.58:612][918]LogBlueprintUserMessages: [Weapon_Base_C_0] 4
[2018.07.17-15.07.58:712][930]LogBlueprintUserMessages: [Weapon_Base_C_0] 3
[2018.07.17-15.07.58:813][942]LogBlueprintUserMessages: [Weapon_Base_C_0] 2
[2018.07.17-15.07.58:912][954]LogBlueprintUserMessages: [Weapon_Base_C_0] 1
[2018.07.17-15.07.59:012][966]LogBlueprintUserMessages: [Weapon_Base_C_0] 0
[2018.07.17-15.07.59:112][978]LogBlueprintUserMessages: [Weapon_Base_C_0] -1
[2018.07.17-15.08.00:081][ 94]LogBlueprintUserMessages: [Weapon_Base_C_0] -2
[2018.07.17-15.08.00:964][200]LogBlueprintUserMessages: [Weapon_Base_C_0] -3
[2018.07.17-15.08.02:422][375]LogBlueprintUserMessages: Early EndPlayMap Detection: Level '/Game/ThirdPersonBP/Maps/ThirdPersonExampleMap.ThirdPersonExampleMap:PersistentLevel' has LevelScriptBlueprint '/Game/ThirdPersonBP/Maps/ThirdPersonExampleMap.ThirdPersonExampleMap:PersistentLevel.ThirdPersonExampleMap' with GeneratedClass '/Game/ThirdPersonBP/Maps/ThirdPersonExampleMap.ThirdPersonExampleMap_C' with ClassGeneratedBy '/Game/ThirdPersonBP/Maps/ThirdPersonExampleMap.ThirdPersonExampleMap:PersistentLevel.ThirdPersonExampleMap'
[2018.07.17-15.08.02:451][375]LogBlueprintUserMessages: Late EndPlayMap Detection: Level '/Game/ThirdPersonBP/Maps/ThirdPersonExampleMap.ThirdPersonExampleMap:PersistentLevel' has LevelScriptBlueprint '/Game/ThirdPersonBP/Maps/ThirdPersonExampleMap.ThirdPersonExampleMap:PersistentLevel.ThirdPersonExampleMap' with GeneratedClass '/Game/ThirdPersonBP/Maps/ThirdPersonExampleMap.ThirdPersonExampleMap_C' with ClassGeneratedBy '/Game/ThirdPersonBP/Maps/ThirdPersonExampleMap.ThirdPersonExampleMap:PersistentLevel.ThirdPersonExampleMap'
[2018.07.17-15.08.04:254][587]LogSlate: FSceneViewport::OnFocusLost() reason 0
[2018.07.17-15.08.07:832][  7]LogSlate: Took 0.000155 seconds to synchronously load lazily loaded font '../../../Engine/Content/Slate/Fonts/Roboto-Light.ttf' (167K)
[2018.07.17-15.08.08:274][  7]LogContentBrowser: Native class hierarchy updated for 'BlueprintGraph' in 0.0004 seconds. Added 116 classes and 0 folders.
[2018.07.17-15.08.08:531][  7]LogUObjectGlobals: Created PersistentFrame Addr=0x0000013e0c7edb40, Size=4, Default__SKEL_PROTO_BP_AnimBlueprint_0_C Function /Engine/Transient.SKEL_PROTO_BP_AnimBlueprint_0_C:ExecuteUbergraph_PROTO_BP_AnimBlueprint_0
[2018.07.17-15.08.08:531][  7]LogUObjectGlobals: Created PersistentFrame Addr=0x0000013e0c7edb38, Size=4, Default__PROTO_BP_AnimBlueprint_0_C Function /Engine/Transient.PROTO_BP_AnimBlueprint_0_C:ExecuteUbergraph_PROTO_BP_AnimBlueprint_0
[2018.07.17-15.08.09:166][  7]LogSlate: Took 0.016484 seconds to synchronously load lazily loaded font '../../../Engine/Content/Slate/Fonts/Roboto-BoldCondensed.ttf' (158K)
[2018.07.17-15.08.18:140][725]LogSlate: Took 0.014946 seconds to synchronously load lazily loaded font '../../../Engine/Content/Slate/Fonts/Roboto-Italic.ttf' (157K)
[2018.07.17-15.10.46:909][138]LogEditorTransaction: Undo Create Pin Link
[2018.07.17-15.10.46:923][138]LogUObjectGlobals: Created PersistentFrame Addr=0x0000013e1afc5878, Size=4, Default__SKEL_ThirdPersonCharacter_C Function /Game/ThirdPersonBP/Blueprints/ThirdPersonCharacter.SKEL_ThirdPersonCharacter_C:ExecuteUbergraph_ThirdPersonCharacter
[2018.07.17-15.10.50:522][381]LogSavePackage: Save=115.29ms
[2018.07.17-15.10.50:522][381]LogSavePackage: Moving '../../../../../../Users/tanne/Documents/Unreal Projects/FpsProject/Saved/ThirdPersonCharacter0E691DC64383C2A336982E9BFF37184D.tmp' to '../../../../../../Users/tanne/Documents/Unreal Projects/FpsProject/Content/ThirdPersonBP/Blueprints/ThirdPersonCharacter.uasset'
[2018.07.17-15.10.50:534][381]LogSavePackage: Display: Finished SavePackage ../../../../../../Users/tanne/Documents/Unreal Projects/FpsProject/Content/ThirdPersonBP/Blueprints/ThirdPersonCharacter.uasset
[2018.07.17-15.10.52:106][505]BlueprintLog: New page: Compile ThirdPersonCharacter
[2018.07.17-15.10.52:147][505]LogUObjectGlobals: Destroyed PersistentFrame Addr=0x0000013e1afc5878, Size=4
[2018.07.17-15.10.52:147][505]LogUObjectGlobals: Created PersistentFrame Addr=0x0000013e1af8e4b8, Size=4, Default__SKEL_ThirdPersonCharacter_C Function /Engine/Transient.REINST_SKEL_ThirdPersonCharacter_C_34:ExecuteUbergraph_ThirdPersonCharacter
[2018.07.17-15.10.52:187][505]LogUObjectGlobals: Destroyed PersistentFrame Addr=0x0000013db03f2800, Size=688
[2018.07.17-15.10.52:187][505]LogUObjectGlobals: Created PersistentFrame Addr=0x0000013e18f45c00, Size=688, Default__ThirdPersonCharacter_C Function /Engine/Transient.REINST_ThirdPersonCharacter_C_39:ExecuteUbergraph_ThirdPersonCharacter
[2018.07.17-15.10.52:199][505]LogUObjectGlobals: Created PersistentFrame Addr=0x0000013e1aa45600, Size=688, Default__ThirdPersonCharacter_C Function /Game/ThirdPersonBP/Blueprints/ThirdPersonCharacter.ThirdPersonCharacter_C:ExecuteUbergraph_ThirdPersonCharacter
[2018.07.17-15.10.52:515][505]LogUObjectGlobals: Destroyed PersistentFrame Addr=0x0000013e1af8e4b8, Size=4
[2018.07.17-15.10.53:333][563]LogTemp: Repeating last play command: Selected Viewport
[2018.07.17-15.10.53:362][563]LogBlueprintUserMessages: Early PlayInEditor Detection: Level '/Game/ThirdPersonBP/Maps/ThirdPersonExampleMap.ThirdPersonExampleMap:PersistentLevel' has LevelScriptBlueprint '/Game/ThirdPersonBP/Maps/ThirdPersonExampleMap.ThirdPersonExampleMap:PersistentLevel.ThirdPersonExampleMap' with GeneratedClass '/Game/ThirdPersonBP/Maps/ThirdPersonExampleMap.ThirdPersonExampleMap_C' with ClassGeneratedBy '/Game/ThirdPersonBP/Maps/ThirdPersonExampleMap.ThirdPersonExampleMap:PersistentLevel.ThirdPersonExampleMap'
[2018.07.17-15.10.53:363][563]LogPlayLevel: PlayLevel: No blueprints needed recompiling
[2018.07.17-15.10.53:363][563]PIE: New page: PIE session: ThirdPersonExampleMap (Jul 17, 2018, 3:10:53 AM)
[2018.07.17-15.10.53:363][563]LogPlayLevel: Creating play world package: /Game/ThirdPersonBP/Maps/UEDPIE_0_ThirdPersonExampleMap
[2018.07.17-15.10.53:376][563]LogPlayLevel: PIE: StaticDuplicateObject took: (0.014136s)
[2018.07.17-15.10.53:377][563]LogAIModule: Creating AISystem for world ThirdPersonExampleMap
[2018.07.17-15.10.53:378][563]LogPlayLevel: PIE: World Init took: (0.001043s)
[2018.07.17-15.10.53:378][563]LogPlayLevel: PIE: Created PIE world by copying editor world from /Game/ThirdPersonBP/Maps/ThirdPersonExampleMap.ThirdPersonExampleMap to /Game/ThirdPersonBP/Maps/UEDPIE_0_ThirdPersonExampleMap.ThirdPersonExampleMap (0.015357s)
[2018.07.17-15.10.53:401][563]LogInit: XAudio2 using 'Speakers (Realtek High Definition Audio)' : 2 channels at 48 kHz using 32 bits per sample (channel mask 0x3)
[2018.07.17-15.10.53:415][563]LogInit: FAudioDevice initialized.
[2018.07.17-15.10.53:448][563]LogLoad: Game class is 'ThirdPersonGameMode_C'
[2018.07.17-15.10.53:449][563]LogWorld: Bringing World /Game/ThirdPersonBP/Maps/UEDPIE_0_ThirdPersonExampleMap.ThirdPersonExampleMap up for play (max tick rate 0) at 2018.07.17-09.10.53
[2018.07.17-15.10.53:450][563]LogWorld: Bringing up level for play took: 0.001208
[2018.07.17-15.10.53:451][563]PIE: Play in editor start time for /Game/ThirdPersonBP/Maps/UEDPIE_0_ThirdPersonExampleMap 0.189
[2018.07.17-15.10.53:451][563]LogBlueprintUserMessages: Late PlayInEditor Detection: Level '/Game/ThirdPersonBP/Maps/ThirdPersonExampleMap.ThirdPersonExampleMap:PersistentLevel' has LevelScriptBlueprint '/Game/ThirdPersonBP/Maps/ThirdPersonExampleMap.ThirdPersonExampleMap:PersistentLevel.ThirdPersonExampleMap' with GeneratedClass '/Game/ThirdPersonBP/Maps/ThirdPersonExampleMap.ThirdPersonExampleMap_C' with ClassGeneratedBy '/Game/ThirdPersonBP/Maps/ThirdPersonExampleMap.ThirdPersonExampleMap:PersistentLevel.ThirdPersonExampleMap'
[2018.07.17-15.10.53:968][596]LogBlueprintUserMessages: [ThirdPersonCharacter_167] Hello
[2018.07.17-15.10.53:968][596]LogBlueprintUserMessages: [Weapon_Base_C_0] 29
[2018.07.17-15.10.54:067][601]LogBlueprintUserMessages: [ThirdPersonCharacter_167] Hello
[2018.07.17-15.10.54:067][601]LogBlueprintUserMessages: [Weapon_Base_C_0] 28
[2018.07.17-15.10.54:176][610]LogBlueprintUserMessages: [ThirdPersonCharacter_167] Hello
[2018.07.17-15.10.54:176][610]LogBlueprintUserMessages: [Weapon_Base_C_0] 27
[2018.07.17-15.10.54:289][619]LogBlueprintUserMessages: [ThirdPersonCharacter_167] Hello
[2018.07.17-15.10.54:289][619]LogBlueprintUserMessages: [Weapon_Base_C_0] 26
[2018.07.17-15.10.54:397][627]LogBlueprintUserMessages: [ThirdPersonCharacter_167] Hello
[2018.07.17-15.10.54:397][627]LogBlueprintUserMessages: [Weapon_Base_C_0] 25
[2018.07.17-15.10.54:501][635]LogBlueprintUserMessages: [ThirdPersonCharacter_167] Hello
[2018.07.17-15.10.54:501][635]LogBlueprintUserMessages: [Weapon_Base_C_0] 24
[2018.07.17-15.10.54:602][643]LogBlueprintUserMessages: [ThirdPersonCharacter_167] Hello
[2018.07.17-15.10.54:602][643]LogBlueprintUserMessages: [Weapon_Base_C_0] 23
[2018.07.17-15.10.54:704][651]LogBlueprintUserMessages: [ThirdPersonCharacter_167] Hello
[2018.07.17-15.10.54:704][651]LogBlueprintUserMessages: [Weapon_Base_C_0] 22
[2018.07.17-15.10.55:282][700]LogBlueprintUserMessages: [ThirdPersonCharacter_167] Hello
[2018.07.17-15.10.55:283][700]LogBlueprintUserMessages: [Weapon_Base_C_0] 21
[2018.07.17-15.10.55:375][708]LogBlueprintUserMessages: [ThirdPersonCharacter_167] Hello
[2018.07.17-15.10.55:375][708]LogBlueprintUserMessages: [Weapon_Base_C_0] 20
[2018.07.17-15.10.55:860][750]LogBlueprintUserMessages: [ThirdPersonCharacter_167] Hello
[2018.07.17-15.10.55:861][750]LogBlueprintUserMessages: [Weapon_Base_C_0] 19
[2018.07.17-15.10.55:953][758]LogBlueprintUserMessages: [ThirdPersonCharacter_167] Hello
[2018.07.17-15.10.55:953][758]LogBlueprintUserMessages: [Weapon_Base_C_0] 18
[2018.07.17-15.10.56:123][772]LogBlueprintUserMessages: [ThirdPersonCharacter_167] Hello
[2018.07.17-15.10.56:123][772]LogBlueprintUserMessages: [Weapon_Base_C_0] 17
[2018.07.17-15.10.56:218][780]LogBlueprintUserMessages: [ThirdPersonCharacter_167] Hello
[2018.07.17-15.10.56:219][780]LogBlueprintUserMessages: [Weapon_Base_C_0] 16
[2018.07.17-15.10.56:326][789]LogBlueprintUserMessages: [ThirdPersonCharacter_167] Hello
[2018.07.17-15.10.56:327][789]LogBlueprintUserMessages: [Weapon_Base_C_0] 15
[2018.07.17-15.10.56:432][798]LogBlueprintUserMessages: [ThirdPersonCharacter_167] Hello
[2018.07.17-15.10.56:432][798]LogBlueprintUserMessages: [Weapon_Base_C_0] 14
[2018.07.17-15.10.56:538][807]LogBlueprintUserMessages: [ThirdPersonCharacter_167] Hello
[2018.07.17-15.10.56:538][807]LogBlueprintUserMessages: [Weapon_Base_C_0] 13
[2018.07.17-15.10.56:646][816]LogBlueprintUserMessages: [ThirdPersonCharacter_167] Hello
[2018.07.17-15.10.56:646][816]LogBlueprintUserMessages: [Weapon_Base_C_0] 12
[2018.07.17-15.10.56:752][825]LogBlueprintUserMessages: [ThirdPersonCharacter_167] Hello
[2018.07.17-15.10.56:752][825]LogBlueprintUserMessages: [Weapon_Base_C_0] 11
[2018.07.17-15.10.56:858][834]LogBlueprintUserMessages: [ThirdPersonCharacter_167] Hello
[2018.07.17-15.10.56:859][834]LogBlueprintUserMessages: [Weapon_Base_C_0] 10
[2018.07.17-15.10.56:965][843]LogBlueprintUserMessages: [ThirdPersonCharacter_167] Hello
[2018.07.17-15.10.56:966][843]LogBlueprintUserMessages: [Weapon_Base_C_0] 9
[2018.07.17-15.10.57:075][852]LogBlueprintUserMessages: [ThirdPersonCharacter_167] Hello
[2018.07.17-15.10.57:075][852]LogBlueprintUserMessages: [Weapon_Base_C_0] 8
[2018.07.17-15.10.57:183][861]LogBlueprintUserMessages: [ThirdPersonCharacter_167] Hello
[2018.07.17-15.10.57:184][861]LogBlueprintUserMessages: [Weapon_Base_C_0] 7
[2018.07.17-15.10.57:291][870]LogBlueprintUserMessages: [ThirdPersonCharacter_167] Hello
[2018.07.17-15.10.57:291][870]LogBlueprintUserMessages: [Weapon_Base_C_0] 6
[2018.07.17-15.10.57:400][879]LogBlueprintUserMessages: [ThirdPersonCharacter_167] Hello
[2018.07.17-15.10.57:400][879]LogBlueprintUserMessages: [Weapon_Base_C_0] 5
[2018.07.17-15.10.57:507][888]LogBlueprintUserMessages: [ThirdPersonCharacter_167] Hello
[2018.07.17-15.10.57:508][888]LogBlueprintUserMessages: [Weapon_Base_C_0] 4
[2018.07.17-15.10.57:619][897]LogBlueprintUserMessages: [ThirdPersonCharacter_167] Hello
[2018.07.17-15.10.57:620][897]LogBlueprintUserMessages: [Weapon_Base_C_0] 3
[2018.07.17-15.10.57:729][906]LogBlueprintUserMessages: [ThirdPersonCharacter_167] Hello
[2018.07.17-15.10.57:729][906]LogBlueprintUserMessages: [Weapon_Base_C_0] 2
[2018.07.17-15.10.57:838][915]LogBlueprintUserMessages: [ThirdPersonCharacter_167] Hello
[2018.07.17-15.10.57:838][915]LogBlueprintUserMessages: [Weapon_Base_C_0] 1
[2018.07.17-15.10.57:947][924]LogBlueprintUserMessages: [ThirdPersonCharacter_167] Hello
[2018.07.17-15.10.57:947][924]LogBlueprintUserMessages: [Weapon_Base_C_0] 0
[2018.07.17-15.10.58:059][933]LogBlueprintUserMessages: [ThirdPersonCharacter_167] Hello
[2018.07.17-15.10.58:059][933]LogBlueprintUserMessages: [Weapon_Base_C_0] -1
[2018.07.17-15.10.58:913][  5]LogBlueprintUserMessages: [ThirdPersonCharacter_167] Hello
[2018.07.17-15.10.58:913][  5]LogBlueprintUserMessages: [Weapon_Base_C_0] -2
[2018.07.17-15.10.59:354][ 42]LogBlueprintUserMessages: [ThirdPersonCharacter_167] Hello
[2018.07.17-15.10.59:355][ 42]LogBlueprintUserMessages: [Weapon_Base_C_0] -3
[2018.07.17-15.10.59:685][ 70]LogBlueprintUserMessages: [ThirdPersonCharacter_167] Hello
[2018.07.17-15.10.59:686][ 70]LogBlueprintUserMessages: [Weapon_Base_C_0] -4
[2018.07.17-15.10.59:948][ 92]LogBlueprintUserMessages: [ThirdPersonCharacter_167] Hello
[2018.07.17-15.10.59:948][ 92]LogBlueprintUserMessages: [Weapon_Base_C_0] -5
[2018.07.17-15.11.00:190][112]LogBlueprintUserMessages: [ThirdPersonCharacter_167] Hello
[2018.07.17-15.11.00:190][112]LogBlueprintUserMessages: [Weapon_Base_C_0] -6
[2018.07.17-15.11.01:170][196]LogBlueprintUserMessages: Early EndPlayMap Detection: Level '/Game/ThirdPersonBP/Maps/ThirdPersonExampleMap.ThirdPersonExampleMap:PersistentLevel' has LevelScriptBlueprint '/Game/ThirdPersonBP/Maps/ThirdPersonExampleMap.ThirdPersonExampleMap:PersistentLevel.ThirdPersonExampleMap' with GeneratedClass '/Game/ThirdPersonBP/Maps/ThirdPersonExampleMap.ThirdPersonExampleMap_C' with ClassGeneratedBy '/Game/ThirdPersonBP/Maps/ThirdPersonExampleMap.ThirdPersonExampleMap:PersistentLevel.ThirdPersonExampleMap'
[2018.07.17-15.11.01:215][196]LogBlueprintUserMessages: Late EndPlayMap Detection: Level '/Game/ThirdPersonBP/Maps/ThirdPersonExampleMap.ThirdPersonExampleMap:PersistentLevel' has LevelScriptBlueprint '/Game/ThirdPersonBP/Maps/ThirdPersonExampleMap.ThirdPersonExampleMap:PersistentLevel.ThirdPersonExampleMap' with GeneratedClass '/Game/ThirdPersonBP/Maps/ThirdPersonExampleMap.ThirdPersonExampleMap_C' with ClassGeneratedBy '/Game/ThirdPersonBP/Maps/ThirdPersonExampleMap.ThirdPersonExampleMap:PersistentLevel.ThirdPersonExampleMap'
[2018.07.17-15.11.02:129][254]LogSlate: FSceneViewport::OnFocusLost() reason 0
[2018.07.17-15.11.02:876][316]LogEditorTransaction: Undo Create Pin Link
[2018.07.17-15.11.03:276][344]LogEditorTransaction: Undo Move Node
[2018.07.17-15.11.03:283][344]LogUObjectGlobals: Created PersistentFrame Addr=0x0000013e19ccf978, Size=4, Default__SKEL_ThirdPersonCharacter_C Function /Game/ThirdPersonBP/Blueprints/ThirdPersonCharacter.SKEL_ThirdPersonCharacter_C:ExecuteUbergraph_ThirdPersonCharacter
[2018.07.17-15.11.04:172][411]LogEditorTransaction: Undo Add Node
[2018.07.17-15.11.04:173][411]LogUObjectGlobals: Destroyed PersistentFrame Addr=0x0000013e19ccf978, Size=4
[2018.07.17-15.11.04:173][411]LogUObjectGlobals: Created PersistentFrame Addr=0x0000013dabd5be88, Size=4, Default__SKEL_ThirdPersonCharacter_C Function /Engine/Transient.REINST_SKEL_ThirdPersonCharacter_C_43:ExecuteUbergraph_ThirdPersonCharacter
[2018.07.17-15.11.04:178][411]LogUObjectGlobals: Created PersistentFrame Addr=0x0000013dabd59098, Size=4, Default__SKEL_ThirdPersonCharacter_C Function /Game/ThirdPersonBP/Blueprints/ThirdPersonCharacter.SKEL_ThirdPersonCharacter_C:ExecuteUbergraph_ThirdPersonCharacter
